Added Component: Designator=J1(HDR1X5)
Add component. Clean all parameters for all variants
Add component (AddParameter): Name = "LatestRevisionDate"; Value = "17-Jul-2002"; VariantName = "[No Variations]"
Add component (AddParameter): Name = "LatestRevisionNote"; Value = "Re-released for DXP Platform."; VariantName = "[No Variations]"
Add component (AddParameter): Name = "Publisher"; Value = "Altium Limited"; VariantName = "[No Variations]"
Added Component: Designator=LED1(LED-0805)
Add component. Clean all parameters for all variants
Add component (AddParameter): Name = "Manufacturer"; Value = ""; VariantName = "[No Variations]"
Add component (AddParameter): Name = "MPN"; Value = "17-215SURC/S530-A2/TR8"; VariantName = "[No Variations]"
Add component (AddParameter): Name = "PackageDescription"; Value = "0805"; VariantName = "[No Variations]"
Add component (AddParameter): Name = "PackageReference"; Value = "0805"; VariantName = "[No Variations]"
Add component (AddParameter): Name = "Value"; Value = "LED-0805"; VariantName = "[No Variations]"
Added Component: Designator=R1(RESC1206(3216)_M)
Add component. Clean all parameters for all variants
Add component (AddParameter): Name = "Manufacturer"; Value = ""; VariantName = "[No Variations]"
Add component (AddParameter): Name = "MPN"; Value = ""; VariantName = "[No Variations]"
Add component (AddParameter): Name = "PackageDescription"; Value = "1206"; VariantName = "[No Variations]"
Add component (AddParameter): Name = "PackageReference"; Value = "1206"; VariantName = "[No Variations]"
Add component (AddParameter): Name = "Tolerance"; Value = "5%"; VariantName = "[No Variations]"
Add component (AddParameter): Name = "Value"; Value = "1k"; VariantName = "[No Variations]"
Added Component: Designator=U1(VISH-TSOP38238)
Add component. Clean all parameters for all variants
Add component (AddParameter): Name = "Capacitance"; Value = "1.8E-11 f"; VariantName = "[No Variations]"
Add component (AddParameter): Name = "ComponentLink1Description"; Value = "Manufacturer URL"; VariantName = "[No Variations]"
Add component (AddParameter): Name = "ComponentLink1URL"; Value = "http://www.vishay.com/"; VariantName = "[No Variations]"
Add component (AddParameter): Name = "ComponentLink2Description"; Value = "Datasheet"; VariantName = "[No Variations]"
Add component (AddParameter): Name = "ComponentLink2URL"; Value = "http://www.vishay.com/docs/82491/tsop382.pdf"; VariantName = "[No Variations]"
Add component (AddParameter): Name = "DatasheetVersion"; Value = "Rev. 1.5, 07/2016"; VariantName = "[No Variations]"
Add component (AddParameter): Name = "ESR"; Value = "40 Ohm"; VariantName = "[No Variations]"
Add component (AddParameter): Name = "Frequency"; Value = "24 MHz"; VariantName = "[No Variations]"
Add component (AddParameter): Name = "Frequency Tolerance"; Value = "30ppm"; VariantName = "[No Variations]"
Add component (AddParameter): Name = "Height"; Value = "0.041 inch"; VariantName = "[No Variations]"
Add component (AddParameter): Name = "Length"; Value = "0.197 inch"; VariantName = "[No Variations]"
Add component (AddParameter): Name = "Load Capacitance"; Value = "18 pF"; VariantName = "[No Variations]"
Add component (AddParameter): Name = "Max Operating Temperature"; Value = "70degC"; VariantName = "[No Variations]"
Add component (AddParameter): Name = "Min Operating Temperature"; Value = "-20degC"; VariantName = "[No Variations]"
Add component (AddParameter): Name = "Mount"; Value = "Surface Mount"; VariantName = "[No Variations]"
Add component (AddParameter): Name = "PackageDescription"; Value = "3-Pin Through Hole Device, Body 5.00 x 4.80 mm, Pitch 2.54 mm"; VariantName = "[No Variations]"
Add component (AddParameter): Name = "Package Quantity"; Value = "1000"; VariantName = "[No Variations]"
Add component (AddParameter): Name = "PackageReference"; Value = "VISH-TSOP38238"; VariantName = "[No Variations]"
Add component (AddParameter): Name = "Packaging"; Value = "Tape and Reel"; VariantName = "[No Variations]"
Add component (AddParameter): Name = "Pins"; Value = "4"; VariantName = "[No Variations]"
Add component (AddParameter): Name = "REACH SVHC"; Value = "No SVHC"; VariantName = "[No Variations]"
Add component (AddParameter): Name = "Resistance"; Value = "40 Ohm"; VariantName = "[No Variations]"
Add component (AddParameter): Name = "RoHSCompliant"; Value = "True"; VariantName = "[No Variations]"
Add component (AddParameter): Name = "Tolerance"; Value = "30ppm"; VariantName = "[No Variations]"
Add component (AddParameter): Name = "Width"; Value = "0.126 inch"; VariantName = "[No Variations]"
Added Pin To Net: NetName=3V3 Pin=J1-1
Added Pin To Net: NetName=3V3 Pin=LED1-+
Added Pin To Net: NetName=3V3 Pin=U1-3
Added Net: Name=3V3
Added Pin To Net: NetName=GND Pin=J1-5
Added Pin To Net: NetName=GND Pin=R1-2
Added Pin To Net: NetName=GND Pin=U1-2
Added Net: Name=GND
Added Pin To Net: NetName=GPIO2 Pin=J1-2
Added Net: Name=GPIO2
Added Pin To Net: NetName=GPIO3 Pin=J1-3
Added Pin To Net: NetName=GPIO3 Pin=U1-1
Added Net: Name=GPIO3
Added Pin To Net: NetName=GPIO4 Pin=J1-4
Added Net: Name=GPIO4
Added Pin To Net: NetName=NetLED1_- Pin=LED1--
Added Pin To Net: NetName=NetLED1_- Pin=R1-1
Added Net: Name=NetLED1_-
Added Class: Name=RPi_TSOP
